<?xml version="1.0" encoding="UTF-8"?>
<!-- Generated by org.testng.reporters.JUnitReportReporter -->
<testsuite hostname="Titu" name="com.cucumber.runners.Runner1" tests="1" failures="0" timestamp="9 May 2017 11:31:26 GMT" time="22.550" errors="0">
  <testcase name="run_cukes" time="22.550" classname="com.cucumber.runners.Runner1"/>
</testsuite> <!-- com.cucumber.runners.Runner1 -->
