<?xml version="1.0" encoding="UTF-8"?>
<!-- Generated by org.testng.reporters.JUnitReportReporter -->
<testsuite hostname="Titu" name="com.cucumber.runners.Runner1" tests="1" failures="0" timestamp="23 May 2017 19:34:33 GMT" time="22.095" errors="0">
  <testcase name="run_cukes" time="22.095" classname="com.cucumber.runners.Runner1"/>
</testsuite> <!-- com.cucumber.runners.Runner1 -->
